<!DOCTYPE html PUBLIC "-//W3C//DTD XHTML 1.1//EN" "https://www.w3.org/TR/xhtml11/DTD/xhtml11.dtd">
<html xmlns="https://www.w3.org/1999/xhtml">
<head>
<meta charset='utf-8'>
<title>TestNG Report</title>
<style type="text/css">
table {margin-bottom:10px;border-collapse:collapse;empty-cells:show}
td,th {border:1px solid #009;padding:.25em .5em}
.result th {vertical-align:bottom}
.param th {padding-left:1em;padding-right:1em}
.param td {padding-left:.5em;padding-right:2em}
.stripe td,.stripe th {background-color: #E6EBF9}
.numi,.numi_attn {text-align:right}
.total td {font-weight:bold}
.passedodd td {background-color: #0A0}
.passedeven td {background-color: #3F3}
.skippedodd td {background-color: #CCC}
.skippedodd td {background-color: #DDD}
.failedodd td,.numi_attn {background-color: #F33}
.failedeven td,.stripe .numi_attn {background-color: #D00}
.stacktrace {white-space:pre;font-family:monospace}
.totop {font-size:85%;text-align:center;border-bottom:2px solid #000}
</style>
</head>
<body>
<table cellspacing="0" cellpadding="0" class="testOverview">
<tr><th>Test</th><th>Methods<br/>Passed</th><th>Scenarios<br/>Passed</th><th># skipped</th><th># failed</th><th>Total<br/>Time</th><th>Included<br/>Groups</th><th>Excluded<br/>Groups</th></tr>
<tr><td style="text-align:left;padding-right:2em"><a href="#t1">MainCategory</a></td><td class="numi">0</td><td class="numi">0</td><td class="numi">0</td><td class="numi_attn">1</td><td class="numi">117.8 seconds</td><td class="numi"></td><td class="numi"></td></tr>
<tr class="stripe"><td style="text-align:left;padding-right:2em"><a href="#t2">VerifyPDPs</a></td><td class="numi">4</td><td class="numi">4</td><td class="numi">0</td><td class="numi_attn">1</td><td class="numi">431.6 seconds</td><td class="numi"></td><td class="numi"></td></tr>
<tr><td style="text-align:left;padding-right:2em"><a href="#t3">Checkout</a></td><td class="numi">2</td><td class="numi">1</td><td class="numi">0</td><td class="numi_attn">2</td><td class="numi">50.1 seconds</td><td class="numi"></td><td class="numi"></td></tr>
<tr class="total"><td>Total</td>
<td class="numi">6</td><td class="numi">5</td><td class="numi">0</td><td class="numi_attn">4</td><td class="numi">599.6 seconds</td><td colspan="2">&nbsp;</td></tr>
</table>
<table cellspacing="0" cellpadding="0" class="methodOverview" id="summary">
<tr><th>Class</th><th>Method</th><th># of<br/>Scenarios</th><th>Start</th><th>Time<br/>(ms)</th></tr>
<tr id="t1"><th colspan="5">MainCategory &#8212; failed</th></tr>
<tr class="failedodd"><td>MainCategory</td><td><a href="#m1"><b>MainCategory</b>  </a></td><td class="numi">1</td><td>1715854174027</td><td class="numi">91951</td></tr>
<tr id="t2"><th colspan="5">VerifyPDPs &#8212; failed</th></tr>
<tr class="failedodd"><td>VerifyPDPs</td><td><a href="#m2"><b>MenPDP</b>  </a></td><td class="numi">1</td><td>1715854670166</td><td class="numi">15676</td></tr>
<tr><th colspan="5">VerifyPDPs &#8212; passed</th></tr>
<tr class="passedodd"><td rowspan="4">VerifyPDPs</td><td><a href="#m3"><b>CardioPDP</b>  </a></td><td class="numi">1</td><td>1715854307714</td><td class="numi">133086</td></tr><tr class="passedodd"><td><a href="#m4"><b>WomenPDP</b>  </a></td><td class="numi">1</td><td>1715854699208</td><td class="numi">10935</td></tr><tr class="passedodd"><td><a href="#m5"><b>CyclePDP</b>  </a></td><td class="numi">1</td><td>1715854479979</td><td class="numi">135869</td></tr><tr class="passedodd"><td><a href="#m6"><b>FootwearPDP</b>  </a></td><td class="numi">1</td><td>1715854637592</td><td class="numi">20534</td></tr>
<tr id="t3"><th colspan="5">Checkout &#8212; failed</th></tr>
<tr class="failedodd"><td rowspan="2">Checkout</td><td><a href="#m7"><b>guestCheckoutTest</b>  </a></td><td class="numi">1</td><td>1715854718294</td><td class="numi">13915</td></tr><tr class="failedodd"><td><a href="#m8"><b>guestCheckoutTest</b>  </a></td><td class="numi">1</td><td>1715854718294</td><td class="numi">13915</td></tr>
<tr><th colspan="5">Checkout &#8212; passed</th></tr>
<tr class="passedodd"><td rowspan="2">Checkout</td><td><a href="#m9"><b>guestCheckoutTest</b>  </a></td><td class="numi">1</td><td>1715854740565</td><td class="numi">19227</td></tr><tr class="passedodd"><td><a href="#m10"><b>guestCheckoutTest</b>  </a></td><td class="numi">1</td><td>1715854740565</td><td class="numi">19227</td></tr>
</table>
<h1>MainCategory</h1>
<h2 id="m1">MainCategory:MainCategory</h2>
<div>
<div class="stacktrace">java.lang.AssertionError: Test failed: no such element: Unable to locate element: {&quot;method&quot;:&quot;xpath&quot;,&quot;selector&quot;:&quot;//img[@alt=&apos;womens-day-men&apos;]&quot;}
  (Session info: chrome=91.0.4472.114)
For documentation on this error, please visit: https://selenium.dev/exceptions/#no_such_element
Build info: version: &apos;4.5.0&apos;, revision: &apos;fe167b119a&apos;
System info: os.name: &apos;Mac OS X&apos;, os.arch: &apos;x86_64&apos;, os.version: &apos;14.4.1&apos;, java.version: &apos;17.0.1&apos;
Driver info: io.appium.java_client.android.AndroidDriver
Command: [36300dbc-a122-4905-a835-0a18b261fd0d, findElement {using=xpath, value=//img[@alt=&apos;womens-day-men&apos;]}]
Capabilities {appium:appActivity: com.google.android.apps.chr..., appium:appPackage: com.android.chrome, appium:databaseEnabled: false, appium:desired: {browserName: chrome, browserVersion: 106, deviceName: N000TA1183962301141, goog:chromeOptions: {args: [], extensions: []}, platformName: android}, appium:deviceApiLevel: 32, appium:deviceManufacturer: Google, appium:deviceModel: sdk_gphone64_arm64, appium:deviceName: emulator-5554, appium:deviceScreenDensity: 560, appium:deviceScreenSize: 1440x3040, appium:deviceUDID: emulator-5554, appium:javascriptEnabled: true, appium:locationContextEnabled: false, appium:networkConnectionEnabled: true, appium:pixelRatio: 3.5, appium:platformVersion: 12, appium:statBarHeight: 84, appium:takesScreenshot: true, appium:viewportRect: {height: 2900, left: 0, top: 84, width: 1440}, appium:warnings: {}, appium:webStorageEnabled: false, browserName: chrome, browserVersion: 106, goog:chromeOptions: {args: [], extensions: []}, platformName: ANDROID}
Session ID: 36300dbc-a122-4905-a835-0a18b261fd0d
	at MainCategory.MainCategory(MainCategory.java:51)
	at java.base/java.util.ArrayList.forEach(ArrayList.java:1511)
	at com.intellij.rt.testng.IDEARemoteTestNG.run(IDEARemoteTestNG.java:66)
	at com.intellij.rt.testng.RemoteTestNGStarter.main(RemoteTestNGStarter.java:109)
... Removed 25 stack frames</div>
</div>
<p class="totop"><a href="#summary">back to summary</a></p>
<h1>VerifyPDPs</h1>
<h2 id="m2">VerifyPDPs:MenPDP</h2>
<div>
<div class="stacktrace">org.openqa.selenium.TimeoutException: Expected condition failed: waiting for visibility of element located by By.className: style-prefix-8ha1uc (tried for 10 second(s) with 500 milliseconds interval)
Build info: version: &apos;4.5.0&apos;, revision: &apos;fe167b119a&apos;
System info: os.name: &apos;Mac OS X&apos;, os.arch: &apos;x86_64&apos;, os.version: &apos;14.4.1&apos;, java.version: &apos;17.0.1&apos;
Driver info: io.appium.java_client.android.AndroidDriver
Capabilities {appium:appActivity: com.google.android.apps.chr..., appium:appPackage: com.android.chrome, appium:databaseEnabled: false, appium:desired: {browserName: chrome, browserVersion: 106, deviceName: N000TA1183962301141, goog:chromeOptions: {args: [], extensions: []}, platformName: android}, appium:deviceApiLevel: 32, appium:deviceManufacturer: Google, appium:deviceModel: sdk_gphone64_arm64, appium:deviceName: emulator-5554, appium:deviceScreenDensity: 560, appium:deviceScreenSize: 1440x3040, appium:deviceUDID: emulator-5554, appium:javascriptEnabled: true, appium:locationContextEnabled: false, appium:networkConnectionEnabled: true, appium:pixelRatio: 3.5, appium:platformVersion: 12, appium:statBarHeight: 84, appium:takesScreenshot: true, appium:viewportRect: {height: 2900, left: 0, top: 84, width: 1440}, appium:warnings: {}, appium:webStorageEnabled: false, browserName: chrome, browserVersion: 106, goog:chromeOptions: {args: [], extensions: []}, platformName: ANDROID}
Session ID: 0cc4f906-8eb4-4737-83ba-ca28212f9a66
	at org.openqa.selenium.support.ui.WebDriverWait.timeoutException(WebDriverWait.java:87)
	at org.openqa.selenium.support.ui.FluentWait.until(FluentWait.java:231)
	at VerifyPDPs.MenPDP(VerifyPDPs.java:23)
	at java.base/java.util.ArrayList.forEach(ArrayList.java:1511)
	at com.intellij.rt.testng.IDEARemoteTestNG.run(IDEARemoteTestNG.java:66)
	at com.intellij.rt.testng.RemoteTestNGStarter.main(RemoteTestNGStarter.java:109)
... Removed 24 stack frames</div>
</div>
<p class="totop"><a href="#summary">back to summary</a></p>
<h2 id="m3">VerifyPDPs:CardioPDP</h2>
<p class="totop"><a href="#summary">back to summary</a></p>
<h2 id="m4">VerifyPDPs:WomenPDP</h2>
<p class="totop"><a href="#summary">back to summary</a></p>
<h2 id="m5">VerifyPDPs:CyclePDP</h2>
<p class="totop"><a href="#summary">back to summary</a></p>
<h2 id="m6">VerifyPDPs:FootwearPDP</h2>
<p class="totop"><a href="#summary">back to summary</a></p>
<h1>Checkout</h1>
<h2 id="m7">Checkout:guestCheckoutTest</h2>
<table cellspacing="0" cellpadding="0" class="result">
<tr class="param"><th>Parameter #1</th><th>Parameter #2</th></tr>
<tr class="param stripe"><td>qa.manual3@curefit.com</td>
<td>132465</td>
</tr>
<tr><td colspan="2">
<div class="stacktrace">java.lang.AssertionError: Test failed: stale element reference: element is not attached to the page document
  (Session info: chrome=91.0.4472.114)
For documentation on this error, please visit: https://selenium.dev/exceptions/#stale_element_reference
Build info: version: &apos;4.5.0&apos;, revision: &apos;fe167b119a&apos;
System info: os.name: &apos;Mac OS X&apos;, os.arch: &apos;x86_64&apos;, os.version: &apos;14.4.1&apos;, java.version: &apos;17.0.1&apos;
Driver info: io.appium.java_client.android.AndroidDriver
Command: [c11017fa-8435-43eb-afa6-384becf51609, clickElement {id=0a7b4eda-cecd-47b7-b923-3d5935d70a51}]
Capabilities {appium:appActivity: com.google.android.apps.chr..., appium:appPackage: com.android.chrome, appium:databaseEnabled: false, appium:desired: {browserName: chrome, browserVersion: 106, deviceName: N000TA1183962301141, goog:chromeOptions: {args: [], extensions: []}, platformName: android}, appium:deviceApiLevel: 32, appium:deviceManufacturer: Google, appium:deviceModel: sdk_gphone64_arm64, appium:deviceName: emulator-5554, appium:deviceScreenDensity: 560, appium:deviceScreenSize: 1440x3040, appium:deviceUDID: emulator-5554, appium:javascriptEnabled: true, appium:locationContextEnabled: false, appium:networkConnectionEnabled: true, appium:pixelRatio: 3.5, appium:platformVersion: 12, appium:statBarHeight: 84, appium:takesScreenshot: true, appium:viewportRect: {height: 2900, left: 0, top: 84, width: 1440}, appium:warnings: {}, appium:webStorageEnabled: false, browserName: chrome, browserVersion: 106, goog:chromeOptions: {args: [], extensions: []}, platformName: ANDROID}
Element: [[AndroidDriver: chrome on ANDROID (c11017fa-8435-43eb-afa6-384becf51609)] -&gt; xpath: //div[contains(@class, &apos;button_text style-prefix-imjule&apos;)]]
Session ID: c11017fa-8435-43eb-afa6-384becf51609
	at Checkout.guestCheckoutTest(Checkout.java:73)
	at java.base/java.util.ArrayList.forEach(ArrayList.java:1511)
	at com.intellij.rt.testng.IDEARemoteTestNG.run(IDEARemoteTestNG.java:66)
	at com.intellij.rt.testng.RemoteTestNGStarter.main(RemoteTestNGStarter.java:109)
... Removed 25 stack frames</div>
</td></tr>
</table>
<p class="totop"><a href="#summary">back to summary</a></p>
<h2 id="m8">Checkout:guestCheckoutTest</h2>
<table cellspacing="0" cellpadding="0" class="result">
<tr class="param"><th>Parameter #1</th><th>Parameter #2</th></tr>
<tr class="param stripe"><td>culttest@curefit.com</td>
<td>132465</td>
</tr>
</table>
<p class="totop"><a href="#summary">back to summary</a></p>
</body></html>
